<?xml version="1.0" encoding="UTF-8"?>
<testsuite xmlns:xsi="http://www.w3.org/2001/XMLSchema-instance" xsi:noNamespaceSchemaLocation="https://maven.apache.org/surefire/maven-surefire-plugin/xsd/surefire-test-report-3.0.xsd" version="3.0" name="org.myDish.LambdaHandlerTest" time="11.161" tests="1" errors="0" skipped="0" failures="0">
  <properties>
    <property name="sun.desktop" value="windows"/>
    <property name="awt.toolkit" value="sun.awt.windows.WToolkit"/>
    <property name="file.encoding.pkg" value="sun.io"/>
    <property name="java.specification.version" value="1.8"/>
    <property name="sun.cpu.isalist" value="amd64"/>
    <property name="sun.jnu.encoding" value="GBK"/>
    <property name="test.url" value="http://localhost:8081"/>
    <property name="java.class.path" value="C:\Dish\dishTest\target\test-classes;C:\Dish\dishTest\target\classes;C:\Users\tony_\.m2\repository\io\quarkus\quarkus-amazon-lambda\1.13.1.Final\quarkus-amazon-lambda-1.13.1.Final.jar;C:\Users\tony_\.m2\repository\io\quarkus\quarkus-amazon-lambda-common\1.13.1.Final\quarkus-amazon-lambda-common-1.13.1.Final.jar;C:\Users\tony_\.m2\repository\com\amazonaws\aws-lambda-java-core\1.2.1\aws-lambda-java-core-1.2.1.jar;C:\Users\tony_\.m2\repository\com\amazonaws\aws-lambda-java-events\3.7.0\aws-lambda-java-events-3.7.0.jar;C:\Users\tony_\.m2\repository\io\quarkus\quarkus-jackson\1.13.1.Final\quarkus-jackson-1.13.1.Final.jar;C:\Users\tony_\.m2\repository\com\fasterxml\jackson\core\jackson-databind\2.12.1\jackson-databind-2.12.1.jar;C:\Users\tony_\.m2\repository\com\fasterxml\jackson\datatype\jackson-datatype-jsr310\2.12.1\jackson-datatype-jsr310-2.12.1.jar;C:\Users\tony_\.m2\repository\com\fasterxml\jackson\datatype\jackson-datatype-jdk8\2.12.1\jackson-datatype-jdk8-2.12.1.jar;C:\Users\tony_\.m2\repository\com\fasterxml\jackson\module\jackson-module-parameter-names\2.12.1\jackson-module-parameter-names-2.12.1.jar;C:\Users\tony_\.m2\repository\com\fasterxml\jackson\datatype\jackson-datatype-joda\2.12.1\jackson-datatype-joda-2.12.1.jar;C:\Users\tony_\.m2\repository\com\fasterxml\jackson\core\jackson-annotations\2.12.1\jackson-annotations-2.12.1.jar;C:\Users\tony_\.m2\repository\com\fasterxml\jackson\core\jackson-core\2.12.1\jackson-core-2.12.1.jar;C:\Users\tony_\.m2\repository\joda-time\joda-time\2.10.8\joda-time-2.10.8.jar;C:\Users\tony_\.m2\repository\io\quarkus\quarkus-test-amazon-lambda\1.13.1.Final\quarkus-test-amazon-lambda-1.13.1.Final.jar;C:\Users\tony_\.m2\repository\io\quarkus\quarkus-test-common\1.13.1.Final\quarkus-test-common-1.13.1.Final.jar;C:\Users\tony_\.m2\repository\io\quarkus\quarkus-core-deployment\1.13.1.Final\quarkus-core-deployment-1.13.1.Final.jar;C:\Users\tony_\.m2\repository\io\quarkus\gizmo\gizmo\1.0.7.Final\gizmo-1.0.7.Final.jar;C:\Users\tony_\.m2\repository\org\ow2\asm\asm-util\9.1\asm-util-9.1.jar;C:\Users\tony_\.m2\repository\org\ow2\asm\asm-tree\9.1\asm-tree-9.1.jar;C:\Users\tony_\.m2\repository\org\ow2\asm\asm-analysis\9.1\asm-analysis-9.1.jar;C:\Users\tony_\.m2\repository\org\ow2\asm\asm\9.1\asm-9.1.jar;C:\Users\tony_\.m2\repository\io\quarkus\quarkus-class-change-agent\1.13.1.Final\quarkus-class-change-agent-1.13.1.Final.jar;C:\Users\tony_\.m2\repository\io\quarkus\quarkus-devtools-utilities\1.13.1.Final\quarkus-devtools-utilities-1.13.1.Final.jar;C:\Users\tony_\.m2\repository\io\quarkus\quarkus-builder\1.13.1.Final\quarkus-builder-1.13.1.Final.jar;C:\Users\tony_\.m2\repository\io\quarkus\quarkus-jsonp-deployment\1.13.1.Final\quarkus-jsonp-deployment-1.13.1.Final.jar;C:\Users\tony_\.m2\repository\io\quarkus\quarkus-jsonp\1.13.1.Final\quarkus-jsonp-1.13.1.Final.jar;C:\Users\tony_\.m2\repository\org\glassfish\jakarta.json\1.1.6\jakarta.json-1.1.6.jar;C:\Users\tony_\.m2\repository\org\jboss\jandex\2.2.3.Final\jandex-2.2.3.Final.jar;C:\Users\tony_\.m2\repository\io\quarkus\http\quarkus-http-core\3.1.0.Final\quarkus-http-core-3.1.0.Final.jar;C:\Users\tony_\.m2\repository\io\quarkus\http\quarkus-http-http-core\3.1.0.Final\quarkus-http-http-core-3.1.0.Final.jar;C:\Users\tony_\.m2\repository\io\netty\netty-buffer\4.1.49.Final\netty-buffer-4.1.49.Final.jar;C:\Users\tony_\.m2\repository\org\jboss\logging\jboss-logging\3.4.1.Final\jboss-logging-3.4.1.Final.jar;C:\Users\tony_\.m2\repository\io\netty\netty-codec-http\4.1.49.Final\netty-codec-http-4.1.49.Final.jar;C:\Users\tony_\.m2\repository\io\netty\netty-common\4.1.49.Final\netty-common-4.1.49.Final.jar;C:\Users\tony_\.m2\repository\io\netty\netty-transport\4.1.49.Final\netty-transport-4.1.49.Final.jar;C:\Users\tony_\.m2\repository\io\quarkus\http\quarkus-http-vertx-backend\3.1.0.Final\quarkus-http-vertx-backend-3.1.0.Final.jar;C:\Users\tony_\.m2\repository\io\vertx\vertx-core\3.9.6\vertx-core-3.9.6.jar;C:\Users\tony_\.m2\repository\io\netty\netty-handler-proxy\4.1.49.Final\netty-handler-proxy-4.1.49.Final.jar;C:\Users\tony_\.m2\repository\io\netty\netty-codec-socks\4.1.49.Final\netty-codec-socks-4.1.49.Final.jar;C:\Users\tony_\.m2\repository\io\netty\netty-codec-http2\4.1.49.Final\netty-codec-http2-4.1.49.Final.jar;C:\Users\tony_\.m2\repository\io\netty\netty-resolver\4.1.49.Final\netty-resolver-4.1.49.Final.jar;C:\Users\tony_\.m2\repository\io\netty\netty-resolver-dns\4.1.49.Final\netty-resolver-dns-4.1.49.Final.jar;C:\Users\tony_\.m2\repository\io\netty\netty-codec-dns\4.1.49.Final\netty-codec-dns-4.1.49.Final.jar;C:\Users\tony_\.m2\repository\io\quarkus\quarkus-amazon-dynamodb\1.13.1.Final\quarkus-amazon-dynamodb-1.13.1.Final.jar;C:\Users\tony_\.m2\repository\io\quarkus\quarkus-core\1.13.1.Final\quarkus-core-1.13.1.Final.jar;C:\Users\tony_\.m2\repository\jakarta\annotation\jakarta.annotation-api\1.3.5\jakarta.annotation-api-1.3.5.jar;C:\Users\tony_\.m2\repository\jakarta\enterprise\jakarta.enterprise.cdi-api\2.0.2\jakarta.enterprise.cdi-api-2.0.2.jar;C:\Users\tony_\.m2\repository\jakarta\el\jakarta.el-api\3.0.3\jakarta.el-api-3.0.3.jar;C:\Users\tony_\.m2\repository\jakarta\interceptor\jakarta.interceptor-api\1.2.5\jakarta.interceptor-api-1.2.5.jar;C:\Users\tony_\.m2\repository\jakarta\inject\jakarta.inject-api\1.0\jakarta.inject-api-1.0.jar;C:\Users\tony_\.m2\repository\io\quarkus\quarkus-ide-launcher\1.13.1.Final\quarkus-ide-launcher-1.13.1.Final.jar;C:\Users\tony_\.m2\repository\io\quarkus\quarkus-development-mode-spi\1.13.1.Final\quarkus-development-mode-spi-1.13.1.Final.jar;C:\Users\tony_\.m2\repository\io\smallrye\config\smallrye-config\1.11.1\smallrye-config-1.11.1.jar;C:\Users\tony_\.m2\repository\org\eclipse\microprofile\config\microprofile-config-api\1.4\microprofile-config-api-1.4.jar;C:\Users\tony_\.m2\repository\io\smallrye\common\smallrye-common-annotation\1.5.0\smallrye-common-annotation-1.5.0.jar;C:\Users\tony_\.m2\repository\io\smallrye\common\smallrye-common-expression\1.5.0\smallrye-common-expression-1.5.0.jar;C:\Users\tony_\.m2\repository\io\smallrye\common\smallrye-common-function\1.5.0\smallrye-common-function-1.5.0.jar;C:\Users\tony_\.m2\repository\io\smallrye\common\smallrye-common-constraint\1.5.0\smallrye-common-constraint-1.5.0.jar;C:\Users\tony_\.m2\repository\io\smallrye\common\smallrye-common-classloader\1.5.0\smallrye-common-classloader-1.5.0.jar;C:\Users\tony_\.m2\repository\io\smallrye\config\smallrye-config-common\1.11.1\smallrye-config-common-1.11.1.jar;C:\Users\tony_\.m2\repository\org\jboss\logmanager\jboss-logmanager-embedded\1.0.9\jboss-logmanager-embedded-1.0.9.jar;C:\Users\tony_\.m2\repository\org\jboss\logging\jboss-logging-annotations\2.2.0.Final\jboss-logging-annotations-2.2.0.Final.jar;C:\Users\tony_\.m2\repository\org\jboss\threads\jboss-threads\3.2.0.Final\jboss-threads-3.2.0.Final.jar;C:\Users\tony_\.m2\repository\org\slf4j\slf4j-api\1.7.30\slf4j-api-1.7.30.jar;C:\Users\tony_\.m2\repository\org\jboss\slf4j\slf4j-jboss-logmanager\1.1.0.Final\slf4j-jboss-logmanager-1.1.0.Final.jar;C:\Users\tony_\.m2\repository\org\graalvm\sdk\graal-sdk\21.0.0\graal-sdk-21.0.0.jar;C:\Users\tony_\.m2\repository\org\wildfly\common\wildfly-common\1.5.4.Final-format-001\wildfly-common-1.5.4.Final-format-001.jar;C:\Users\tony_\.m2\repository\io\quarkus\quarkus-bootstrap-runner\1.13.1.Final\quarkus-bootstrap-runner-1.13.1.Final.jar;C:\Users\tony_\.m2\repository\io\quarkus\quarkus-arc\1.13.1.Final\quarkus-arc-1.13.1.Final.jar;C:\Users\tony_\.m2\repository\io\quarkus\arc\arc\1.13.1.Final\arc-1.13.1.Final.jar;C:\Users\tony_\.m2\repository\jakarta\transaction\jakarta.transaction-api\1.3.3\jakarta.transaction-api-1.3.3.jar;C:\Users\tony_\.m2\repository\org\eclipse\microprofile\context-propagation\microprofile-context-propagation-api\1.0.1\microprofile-context-propagation-api-1.0.1.jar;C:\Users\tony_\.m2\repository\io\quarkus\quarkus-netty\1.13.1.Final\quarkus-netty-1.13.1.Final.jar;C:\Users\tony_\.m2\repository\io\netty\netty-codec\4.1.49.Final\netty-codec-4.1.49.Final.jar;C:\Users\tony_\.m2\repository\io\netty\netty-handler\4.1.49.Final\netty-handler-4.1.49.Final.jar;C:\Users\tony_\.m2\repository\io\quarkus\quarkus-amazon-common\1.13.1.Final\quarkus-amazon-common-1.13.1.Final.jar;C:\Users\tony_\.m2\repository\software\amazon\awssdk\sdk-core\2.16.19\sdk-core-2.16.19.jar;C:\Users\tony_\.m2\repository\software\amazon\awssdk\aws-core\2.16.19\aws-core-2.16.19.jar;C:\Users\tony_\.m2\repository\software\amazon\eventstream\eventstream\1.0.1\eventstream-1.0.1.jar;C:\Users\tony_\.m2\repository\software\amazon\awssdk\regions\2.16.19\regions-2.16.19.jar;C:\Users\tony_\.m2\repository\software\amazon\awssdk\auth\2.16.19\auth-2.16.19.jar;C:\Users\tony_\.m2\repository\software\amazon\awssdk\dynamodb\2.16.19\dynamodb-2.16.19.jar;C:\Users\tony_\.m2\repository\software\amazon\awssdk\aws-json-protocol\2.16.19\aws-json-protocol-2.16.19.jar;C:\Users\tony_\.m2\repository\software\amazon\awssdk\protocol-core\2.16.19\protocol-core-2.16.19.jar;C:\Users\tony_\.m2\repository\software\amazon\awssdk\profiles\2.16.19\profiles-2.16.19.jar;C:\Users\tony_\.m2\repository\software\amazon\awssdk\metrics-spi\2.16.19\metrics-spi-2.16.19.jar;C:\Users\tony_\.m2\repository\org\jboss\logging\commons-logging-jboss-logging\1.0.0.Final\commons-logging-jboss-logging-1.0.0.Final.jar;C:\Users\tony_\.m2\repository\io\quarkus\quarkus-junit5\1.13.1.Final\quarkus-junit5-1.13.1.Final.jar;C:\Users\tony_\.m2\repository\io\quarkus\quarkus-bootstrap-core\1.13.1.Final\quarkus-bootstrap-core-1.13.1.Final.jar;C:\Users\tony_\.m2\repository\io\quarkus\quarkus-bootstrap-app-model\1.13.1.Final\quarkus-bootstrap-app-model-1.13.1.Final.jar;C:\Users\tony_\.m2\repository\io\quarkus\quarkus-bootstrap-maven-resolver\1.13.1.Final\quarkus-bootstrap-maven-resolver-1.13.1.Final.jar;C:\Users\tony_\.m2\repository\org\apache\maven\maven-embedder\3.6.3\maven-embedder-3.6.3.jar;C:\Users\tony_\.m2\repository\org\apache\maven\maven-settings\3.6.3\maven-settings-3.6.3.jar;C:\Users\tony_\.m2\repository\org\apache\maven\maven-core\3.6.3\maven-core-3.6.3.jar;C:\Users\tony_\.m2\repository\org\apache\maven\maven-artifact\3.6.3\maven-artifact-3.6.3.jar;C:\Users\tony_\.m2\repository\org\codehaus\plexus\plexus-component-annotations\2.1.0\plexus-component-annotations-2.1.0.jar;C:\Users\tony_\.m2\repository\org\apache\maven\maven-plugin-api\3.6.3\maven-plugin-api-3.6.3.jar;C:\Users\tony_\.m2\repository\org\apache\maven\maven-model\3.6.3\maven-model-3.6.3.jar;C:\Users\tony_\.m2\repository\org\apache\maven\maven-model-builder\3.6.3\maven-model-builder-3.6.3.jar;C:\Users\tony_\.m2\repository\org\apache\maven\maven-builder-support\3.6.3\maven-builder-support-3.6.3.jar;C:\Users\tony_\.m2\repository\org\apache\maven\resolver\maven-resolver-api\1.4.1\maven-resolver-api-1.4.1.jar;C:\Users\tony_\.m2\repository\org\apache\maven\resolver\maven-resolver-util\1.4.1\maven-resolver-util-1.4.1.jar;C:\Users\tony_\.m2\repository\org\apache\maven\shared\maven-shared-utils\3.2.1\maven-shared-utils-3.2.1.jar;C:\Users\tony_\.m2\repository\commons-io\commons-io\2.8.0\commons-io-2.8.0.jar;C:\Users\tony_\.m2\repository\com\google\inject\guice\4.2.1\guice-4.2.1-no_aop.jar;C:\Users\tony_\.m2\repository\com\google\guava\guava\30.1-jre\guava-30.1-jre.jar;C:\Users\tony_\.m2\repository\com\google\guava\failureaccess\1.0.1\failureaccess-1.0.1.jar;C:\Users\tony_\.m2\repository\com\google\guava\listenablefuture\9999.0-empty-to-avoid-conflict-with-guava\listenablefuture-9999.0-empty-to-avoid-conflict-with-guava.jar;C:\Users\tony_\.m2\repository\org\codehaus\plexus\plexus-utils\3.2.1\plexus-utils-3.2.1.jar;C:\Users\tony_\.m2\repository\org\codehaus\plexus\plexus-classworlds\2.6.0\plexus-classworlds-2.6.0.jar;C:\Users\tony_\.m2\repository\commons-cli\commons-cli\1.4\commons-cli-1.4.jar;C:\Users\tony_\.m2\repository\org\apache\commons\commons-lang3\3.12.0\commons-lang3-3.12.0.jar;C:\Users\tony_\.m2\repository\org\eclipse\sisu\org.eclipse.sisu.plexus\0.3.4\org.eclipse.sisu.plexus-0.3.4.jar;C:\Users\tony_\.m2\repository\org\apache\maven\maven-settings-builder\3.6.3\maven-settings-builder-3.6.3.jar;C:\Users\tony_\.m2\repository\org\codehaus\plexus\plexus-interpolation\1.25\plexus-interpolation-1.25.jar;C:\Users\tony_\.m2\repository\org\sonatype\plexus\plexus-sec-dispatcher\1.4\plexus-sec-dispatcher-1.4.jar;C:\Users\tony_\.m2\repository\org\sonatype\plexus\plexus-cipher\1.4\plexus-cipher-1.4.jar;C:\Users\tony_\.m2\repository\org\apache\maven\maven-resolver-provider\3.6.3\maven-resolver-provider-3.6.3.jar;C:\Users\tony_\.m2\repository\org\apache\maven\maven-repository-metadata\3.6.3\maven-repository-metadata-3.6.3.jar;C:\Users\tony_\.m2\repository\org\apache\maven\resolver\maven-resolver-spi\1.4.1\maven-resolver-spi-1.4.1.jar;C:\Users\tony_\.m2\repository\org\apache\maven\resolver\maven-resolver-impl\1.4.1\maven-resolver-impl-1.4.1.jar;C:\Users\tony_\.m2\repository\org\apache\maven\resolver\maven-resolver-connector-basic\1.4.1\maven-resolver-connector-basic-1.4.1.jar;C:\Users\tony_\.m2\repository\org\apache\maven\resolver\maven-resolver-transport-wagon\1.4.1\maven-resolver-transport-wagon-1.4.1.jar;C:\Users\tony_\.m2\repository\org\apache\maven\wagon\wagon-http\3.3.4\wagon-http-3.3.4.jar;C:\Users\tony_\.m2\repository\org\apache\maven\wagon\wagon-http-shared\3.3.4\wagon-http-shared-3.3.4.jar;C:\Users\tony_\.m2\repository\org\jsoup\jsoup\1.12.1\jsoup-1.12.1.jar;C:\Users\tony_\.m2\repository\org\apache\httpcomponents\httpclient\4.5.13\httpclient-4.5.13.jar;C:\Users\tony_\.m2\repository\commons-codec\commons-codec\1.14\commons-codec-1.14.jar;C:\Users\tony_\.m2\repository\org\apache\httpcomponents\httpcore\4.4.14\httpcore-4.4.14.jar;C:\Users\tony_\.m2\repository\org\apache\maven\wagon\wagon-provider-api\3.3.4\wagon-provider-api-3.3.4.jar;C:\Users\tony_\.m2\repository\org\apache\maven\wagon\wagon-file\3.3.4\wagon-file-3.3.4.jar;C:\Users\tony_\.m2\repository\io\quarkus\quarkus-bootstrap-gradle-resolver\1.13.1.Final\quarkus-bootstrap-gradle-resolver-1.13.1.Final.jar;C:\Users\tony_\.m2\repository\io\smallrye\common\smallrye-common-io\1.5.0\smallrye-common-io-1.5.0.jar;C:\Users\tony_\.m2\repository\org\eclipse\sisu\org.eclipse.sisu.inject\0.3.4\org.eclipse.sisu.inject-0.3.4.jar;C:\Users\tony_\.m2\repository\org\junit\jupiter\junit-jupiter\5.7.1\junit-jupiter-5.7.1.jar;C:\Users\tony_\.m2\repository\org\junit\jupiter\junit-jupiter-api\5.7.1\junit-jupiter-api-5.7.1.jar;C:\Users\tony_\.m2\repository\org\apiguardian\apiguardian-api\1.1.0\apiguardian-api-1.1.0.jar;C:\Users\tony_\.m2\repository\org\opentest4j\opentest4j\1.2.0\opentest4j-1.2.0.jar;C:\Users\tony_\.m2\repository\org\junit\platform\junit-platform-commons\1.7.1\junit-platform-commons-1.7.1.jar;C:\Users\tony_\.m2\repository\org\junit\jupiter\junit-jupiter-params\5.7.1\junit-jupiter-params-5.7.1.jar;C:\Users\tony_\.m2\repository\org\junit\jupiter\junit-jupiter-engine\5.7.1\junit-jupiter-engine-5.7.1.jar;C:\Users\tony_\.m2\repository\org\junit\platform\junit-platform-engine\1.7.1\junit-platform-engine-1.7.1.jar;C:\Users\tony_\.m2\repository\io\quarkus\quarkus-datasource-deployment-spi\1.13.1.Final\quarkus-datasource-deployment-spi-1.13.1.Final.jar;C:\Users\tony_\.m2\repository\io\quarkus\quarkus-arc-deployment\1.13.1.Final\quarkus-arc-deployment-1.13.1.Final.jar;C:\Users\tony_\.m2\repository\io\quarkus\quarkus-vertx-http-dev-console-spi\1.13.1.Final\quarkus-vertx-http-dev-console-spi-1.13.1.Final.jar;C:\Users\tony_\.m2\repository\io\quarkus\quarkus-vertx-http-dev-console-runtime-spi\1.13.1.Final\quarkus-vertx-http-dev-console-runtime-spi-1.13.1.Final.jar;C:\Users\tony_\.m2\repository\io\vertx\vertx-web\3.9.6\vertx-web-3.9.6.jar;C:\Users\tony_\.m2\repository\io\vertx\vertx-web-common\3.9.6\vertx-web-common-3.9.6.jar;C:\Users\tony_\.m2\repository\io\vertx\vertx-auth-common\3.9.6\vertx-auth-common-3.9.6.jar;C:\Users\tony_\.m2\repository\io\vertx\vertx-bridge-common\3.9.6\vertx-bridge-common-3.9.6.jar;C:\Users\tony_\.m2\repository\io\quarkus\arc\arc-processor\1.13.1.Final\arc-processor-1.13.1.Final.jar;C:\Users\tony_\.m2\repository\io\quarkus\quarkus-datasource-common\1.13.1.Final\quarkus-datasource-common-1.13.1.Final.jar;C:\Users\tony_\.m2\repository\com\thoughtworks\xstream\xstream\1.4.16\xstream-1.4.16.jar;C:\Users\tony_\.m2\repository\io\github\x-stream\mxparser\1.2.1\mxparser-1.2.1.jar;C:\Users\tony_\.m2\repository\xmlpull\xmlpull\1.1.3.1\xmlpull-1.1.3.1.jar;C:\Users\tony_\.m2\repository\software\amazon\awssdk\url-connection-client\2.16.19\url-connection-client-2.16.19.jar;C:\Users\tony_\.m2\repository\software\amazon\awssdk\utils\2.16.19\utils-2.16.19.jar;C:\Users\tony_\.m2\repository\org\reactivestreams\reactive-streams\1.0.3\reactive-streams-1.0.3.jar;C:\Users\tony_\.m2\repository\software\amazon\awssdk\annotations\2.16.19\annotations-2.16.19.jar;C:\Users\tony_\.m2\repository\software\amazon\awssdk\http-client-spi\2.16.19\http-client-spi-2.16.19.jar;"/>
    <property name="java.vm.vendor" value="Oracle Corporation"/>
    <property name="sun.arch.data.model" value="64"/>
    <property name="user.variant" value=""/>
    <property name="java.vendor.url" value="http://java.oracle.com/"/>
    <property name="user.timezone" value="America/Los_Angeles"/>
    <property name="java.vm.specification.version" value="1.8"/>
    <property name="os.name" value="Windows 10"/>
    <property name="sun.java.launcher" value="SUN_STANDARD"/>
    <property name="user.country" value="US"/>
    <property name="sun.boot.library.path" value="C:\Program Files\Java\jdk1.8.0_261\jre\bin"/>
    <property name="quarkus-internal.aws-lambda.test-api" value="localhost:5387"/>
    <property name="sun.java.command" value="C:\Users\tony_\AppData\Local\Temp\surefire315946250762014605\surefirebooter8792062646971806754.jar C:\Users\tony_\AppData\Local\Temp\surefire315946250762014605 2021-04-12T08-20-16_594-jvmRun1 surefire7974865478771716471tmp surefire_03647244452886067492tmp"/>
    <property name="maven.home" value="C:\Users\tony_\.m2\wrapper\dists\apache-maven-3.6.3-bin\1iopthnavndlasol9gbrbg6bf2\apache-maven-3.6.3"/>
    <property name="surefire.test.class.path" value="C:\Dish\dishTest\target\test-classes;C:\Dish\dishTest\target\classes;C:\Users\tony_\.m2\repository\io\quarkus\quarkus-amazon-lambda\1.13.1.Final\quarkus-amazon-lambda-1.13.1.Final.jar;C:\Users\tony_\.m2\repository\io\quarkus\quarkus-amazon-lambda-common\1.13.1.Final\quarkus-amazon-lambda-common-1.13.1.Final.jar;C:\Users\tony_\.m2\repository\com\amazonaws\aws-lambda-java-core\1.2.1\aws-lambda-java-core-1.2.1.jar;C:\Users\tony_\.m2\repository\com\amazonaws\aws-lambda-java-events\3.7.0\aws-lambda-java-events-3.7.0.jar;C:\Users\tony_\.m2\repository\io\quarkus\quarkus-jackson\1.13.1.Final\quarkus-jackson-1.13.1.Final.jar;C:\Users\tony_\.m2\repository\com\fasterxml\jackson\core\jackson-databind\2.12.1\jackson-databind-2.12.1.jar;C:\Users\tony_\.m2\repository\com\fasterxml\jackson\datatype\jackson-datatype-jsr310\2.12.1\jackson-datatype-jsr310-2.12.1.jar;C:\Users\tony_\.m2\repository\com\fasterxml\jackson\datatype\jackson-datatype-jdk8\2.12.1\jackson-datatype-jdk8-2.12.1.jar;C:\Users\tony_\.m2\repository\com\fasterxml\jackson\module\jackson-module-parameter-names\2.12.1\jackson-module-parameter-names-2.12.1.jar;C:\Users\tony_\.m2\repository\com\fasterxml\jackson\datatype\jackson-datatype-joda\2.12.1\jackson-datatype-joda-2.12.1.jar;C:\Users\tony_\.m2\repository\com\fasterxml\jackson\core\jackson-annotations\2.12.1\jackson-annotations-2.12.1.jar;C:\Users\tony_\.m2\repository\com\fasterxml\jackson\core\jackson-core\2.12.1\jackson-core-2.12.1.jar;C:\Users\tony_\.m2\repository\joda-time\joda-time\2.10.8\joda-time-2.10.8.jar;C:\Users\tony_\.m2\repository\io\quarkus\quarkus-test-amazon-lambda\1.13.1.Final\quarkus-test-amazon-lambda-1.13.1.Final.jar;C:\Users\tony_\.m2\repository\io\quarkus\quarkus-test-common\1.13.1.Final\quarkus-test-common-1.13.1.Final.jar;C:\Users\tony_\.m2\repository\io\quarkus\quarkus-core-deployment\1.13.1.Final\quarkus-core-deployment-1.13.1.Final.jar;C:\Users\tony_\.m2\repository\io\quarkus\gizmo\gizmo\1.0.7.Final\gizmo-1.0.7.Final.jar;C:\Users\tony_\.m2\repository\org\ow2\asm\asm-util\9.1\asm-util-9.1.jar;C:\Users\tony_\.m2\repository\org\ow2\asm\asm-tree\9.1\asm-tree-9.1.jar;C:\Users\tony_\.m2\repository\org\ow2\asm\asm-analysis\9.1\asm-analysis-9.1.jar;C:\Users\tony_\.m2\repository\org\ow2\asm\asm\9.1\asm-9.1.jar;C:\Users\tony_\.m2\repository\io\quarkus\quarkus-class-change-agent\1.13.1.Final\quarkus-class-change-agent-1.13.1.Final.jar;C:\Users\tony_\.m2\repository\io\quarkus\quarkus-devtools-utilities\1.13.1.Final\quarkus-devtools-utilities-1.13.1.Final.jar;C:\Users\tony_\.m2\repository\io\quarkus\quarkus-builder\1.13.1.Final\quarkus-builder-1.13.1.Final.jar;C:\Users\tony_\.m2\repository\io\quarkus\quarkus-jsonp-deployment\1.13.1.Final\quarkus-jsonp-deployment-1.13.1.Final.jar;C:\Users\tony_\.m2\repository\io\quarkus\quarkus-jsonp\1.13.1.Final\quarkus-jsonp-1.13.1.Final.jar;C:\Users\tony_\.m2\repository\org\glassfish\jakarta.json\1.1.6\jakarta.json-1.1.6.jar;C:\Users\tony_\.m2\repository\org\jboss\jandex\2.2.3.Final\jandex-2.2.3.Final.jar;C:\Users\tony_\.m2\repository\io\quarkus\http\quarkus-http-core\3.1.0.Final\quarkus-http-core-3.1.0.Final.jar;C:\Users\tony_\.m2\repository\io\quarkus\http\quarkus-http-http-core\3.1.0.Final\quarkus-http-http-core-3.1.0.Final.jar;C:\Users\tony_\.m2\repository\io\netty\netty-buffer\4.1.49.Final\netty-buffer-4.1.49.Final.jar;C:\Users\tony_\.m2\repository\org\jboss\logging\jboss-logging\3.4.1.Final\jboss-logging-3.4.1.Final.jar;C:\Users\tony_\.m2\repository\io\netty\netty-codec-http\4.1.49.Final\netty-codec-http-4.1.49.Final.jar;C:\Users\tony_\.m2\repository\io\netty\netty-common\4.1.49.Final\netty-common-4.1.49.Final.jar;C:\Users\tony_\.m2\repository\io\netty\netty-transport\4.1.49.Final\netty-transport-4.1.49.Final.jar;C:\Users\tony_\.m2\repository\io\quarkus\http\quarkus-http-vertx-backend\3.1.0.Final\quarkus-http-vertx-backend-3.1.0.Final.jar;C:\Users\tony_\.m2\repository\io\vertx\vertx-core\3.9.6\vertx-core-3.9.6.jar;C:\Users\tony_\.m2\repository\io\netty\netty-handler-proxy\4.1.49.Final\netty-handler-proxy-4.1.49.Final.jar;C:\Users\tony_\.m2\repository\io\netty\netty-codec-socks\4.1.49.Final\netty-codec-socks-4.1.49.Final.jar;C:\Users\tony_\.m2\repository\io\netty\netty-codec-http2\4.1.49.Final\netty-codec-http2-4.1.49.Final.jar;C:\Users\tony_\.m2\repository\io\netty\netty-resolver\4.1.49.Final\netty-resolver-4.1.49.Final.jar;C:\Users\tony_\.m2\repository\io\netty\netty-resolver-dns\4.1.49.Final\netty-resolver-dns-4.1.49.Final.jar;C:\Users\tony_\.m2\repository\io\netty\netty-codec-dns\4.1.49.Final\netty-codec-dns-4.1.49.Final.jar;C:\Users\tony_\.m2\repository\io\quarkus\quarkus-amazon-dynamodb\1.13.1.Final\quarkus-amazon-dynamodb-1.13.1.Final.jar;C:\Users\tony_\.m2\repository\io\quarkus\quarkus-core\1.13.1.Final\quarkus-core-1.13.1.Final.jar;C:\Users\tony_\.m2\repository\jakarta\annotation\jakarta.annotation-api\1.3.5\jakarta.annotation-api-1.3.5.jar;C:\Users\tony_\.m2\repository\jakarta\enterprise\jakarta.enterprise.cdi-api\2.0.2\jakarta.enterprise.cdi-api-2.0.2.jar;C:\Users\tony_\.m2\repository\jakarta\el\jakarta.el-api\3.0.3\jakarta.el-api-3.0.3.jar;C:\Users\tony_\.m2\repository\jakarta\interceptor\jakarta.interceptor-api\1.2.5\jakarta.interceptor-api-1.2.5.jar;C:\Users\tony_\.m2\repository\jakarta\inject\jakarta.inject-api\1.0\jakarta.inject-api-1.0.jar;C:\Users\tony_\.m2\repository\io\quarkus\quarkus-ide-launcher\1.13.1.Final\quarkus-ide-launcher-1.13.1.Final.jar;C:\Users\tony_\.m2\repository\io\quarkus\quarkus-development-mode-spi\1.13.1.Final\quarkus-development-mode-spi-1.13.1.Final.jar;C:\Users\tony_\.m2\repository\io\smallrye\config\smallrye-config\1.11.1\smallrye-config-1.11.1.jar;C:\Users\tony_\.m2\repository\org\eclipse\microprofile\config\microprofile-config-api\1.4\microprofile-config-api-1.4.jar;C:\Users\tony_\.m2\repository\io\smallrye\common\smallrye-common-annotation\1.5.0\smallrye-common-annotation-1.5.0.jar;C:\Users\tony_\.m2\repository\io\smallrye\common\smallrye-common-expression\1.5.0\smallrye-common-expression-1.5.0.jar;C:\Users\tony_\.m2\repository\io\smallrye\common\smallrye-common-function\1.5.0\smallrye-common-function-1.5.0.jar;C:\Users\tony_\.m2\repository\io\smallrye\common\smallrye-common-constraint\1.5.0\smallrye-common-constraint-1.5.0.jar;C:\Users\tony_\.m2\repository\io\smallrye\common\smallrye-common-classloader\1.5.0\smallrye-common-classloader-1.5.0.jar;C:\Users\tony_\.m2\repository\io\smallrye\config\smallrye-config-common\1.11.1\smallrye-config-common-1.11.1.jar;C:\Users\tony_\.m2\repository\org\jboss\logmanager\jboss-logmanager-embedded\1.0.9\jboss-logmanager-embedded-1.0.9.jar;C:\Users\tony_\.m2\repository\org\jboss\logging\jboss-logging-annotations\2.2.0.Final\jboss-logging-annotations-2.2.0.Final.jar;C:\Users\tony_\.m2\repository\org\jboss\threads\jboss-threads\3.2.0.Final\jboss-threads-3.2.0.Final.jar;C:\Users\tony_\.m2\repository\org\slf4j\slf4j-api\1.7.30\slf4j-api-1.7.30.jar;C:\Users\tony_\.m2\repository\org\jboss\slf4j\slf4j-jboss-logmanager\1.1.0.Final\slf4j-jboss-logmanager-1.1.0.Final.jar;C:\Users\tony_\.m2\repository\org\graalvm\sdk\graal-sdk\21.0.0\graal-sdk-21.0.0.jar;C:\Users\tony_\.m2\repository\org\wildfly\common\wildfly-common\1.5.4.Final-format-001\wildfly-common-1.5.4.Final-format-001.jar;C:\Users\tony_\.m2\repository\io\quarkus\quarkus-bootstrap-runner\1.13.1.Final\quarkus-bootstrap-runner-1.13.1.Final.jar;C:\Users\tony_\.m2\repository\io\quarkus\quarkus-arc\1.13.1.Final\quarkus-arc-1.13.1.Final.jar;C:\Users\tony_\.m2\repository\io\quarkus\arc\arc\1.13.1.Final\arc-1.13.1.Final.jar;C:\Users\tony_\.m2\repository\jakarta\transaction\jakarta.transaction-api\1.3.3\jakarta.transaction-api-1.3.3.jar;C:\Users\tony_\.m2\repository\org\eclipse\microprofile\context-propagation\microprofile-context-propagation-api\1.0.1\microprofile-context-propagation-api-1.0.1.jar;C:\Users\tony_\.m2\repository\io\quarkus\quarkus-netty\1.13.1.Final\quarkus-netty-1.13.1.Final.jar;C:\Users\tony_\.m2\repository\io\netty\netty-codec\4.1.49.Final\netty-codec-4.1.49.Final.jar;C:\Users\tony_\.m2\repository\io\netty\netty-handler\4.1.49.Final\netty-handler-4.1.49.Final.jar;C:\Users\tony_\.m2\repository\io\quarkus\quarkus-amazon-common\1.13.1.Final\quarkus-amazon-common-1.13.1.Final.jar;C:\Users\tony_\.m2\repository\software\amazon\awssdk\sdk-core\2.16.19\sdk-core-2.16.19.jar;C:\Users\tony_\.m2\repository\software\amazon\awssdk\aws-core\2.16.19\aws-core-2.16.19.jar;C:\Users\tony_\.m2\repository\software\amazon\eventstream\eventstream\1.0.1\eventstream-1.0.1.jar;C:\Users\tony_\.m2\repository\software\amazon\awssdk\regions\2.16.19\regions-2.16.19.jar;C:\Users\tony_\.m2\repository\software\amazon\awssdk\auth\2.16.19\auth-2.16.19.jar;C:\Users\tony_\.m2\repository\software\amazon\awssdk\dynamodb\2.16.19\dynamodb-2.16.19.jar;C:\Users\tony_\.m2\repository\software\amazon\awssdk\aws-json-protocol\2.16.19\aws-json-protocol-2.16.19.jar;C:\Users\tony_\.m2\repository\software\amazon\awssdk\protocol-core\2.16.19\protocol-core-2.16.19.jar;C:\Users\tony_\.m2\repository\software\amazon\awssdk\profiles\2.16.19\profiles-2.16.19.jar;C:\Users\tony_\.m2\repository\software\amazon\awssdk\metrics-spi\2.16.19\metrics-spi-2.16.19.jar;C:\Users\tony_\.m2\repository\org\jboss\logging\commons-logging-jboss-logging\1.0.0.Final\commons-logging-jboss-logging-1.0.0.Final.jar;C:\Users\tony_\.m2\repository\io\quarkus\quarkus-junit5\1.13.1.Final\quarkus-junit5-1.13.1.Final.jar;C:\Users\tony_\.m2\repository\io\quarkus\quarkus-bootstrap-core\1.13.1.Final\quarkus-bootstrap-core-1.13.1.Final.jar;C:\Users\tony_\.m2\repository\io\quarkus\quarkus-bootstrap-app-model\1.13.1.Final\quarkus-bootstrap-app-model-1.13.1.Final.jar;C:\Users\tony_\.m2\repository\io\quarkus\quarkus-bootstrap-maven-resolver\1.13.1.Final\quarkus-bootstrap-maven-resolver-1.13.1.Final.jar;C:\Users\tony_\.m2\repository\org\apache\maven\maven-embedder\3.6.3\maven-embedder-3.6.3.jar;C:\Users\tony_\.m2\repository\org\apache\maven\maven-settings\3.6.3\maven-settings-3.6.3.jar;C:\Users\tony_\.m2\repository\org\apache\maven\maven-core\3.6.3\maven-core-3.6.3.jar;C:\Users\tony_\.m2\repository\org\apache\maven\maven-artifact\3.6.3\maven-artifact-3.6.3.jar;C:\Users\tony_\.m2\repository\org\codehaus\plexus\plexus-component-annotations\2.1.0\plexus-component-annotations-2.1.0.jar;C:\Users\tony_\.m2\repository\org\apache\maven\maven-plugin-api\3.6.3\maven-plugin-api-3.6.3.jar;C:\Users\tony_\.m2\repository\org\apache\maven\maven-model\3.6.3\maven-model-3.6.3.jar;C:\Users\tony_\.m2\repository\org\apache\maven\maven-model-builder\3.6.3\maven-model-builder-3.6.3.jar;C:\Users\tony_\.m2\repository\org\apache\maven\maven-builder-support\3.6.3\maven-builder-support-3.6.3.jar;C:\Users\tony_\.m2\repository\org\apache\maven\resolver\maven-resolver-api\1.4.1\maven-resolver-api-1.4.1.jar;C:\Users\tony_\.m2\repository\org\apache\maven\resolver\maven-resolver-util\1.4.1\maven-resolver-util-1.4.1.jar;C:\Users\tony_\.m2\repository\org\apache\maven\shared\maven-shared-utils\3.2.1\maven-shared-utils-3.2.1.jar;C:\Users\tony_\.m2\repository\commons-io\commons-io\2.8.0\commons-io-2.8.0.jar;C:\Users\tony_\.m2\repository\com\google\inject\guice\4.2.1\guice-4.2.1-no_aop.jar;C:\Users\tony_\.m2\repository\com\google\guava\guava\30.1-jre\guava-30.1-jre.jar;C:\Users\tony_\.m2\repository\com\google\guava\failureaccess\1.0.1\failureaccess-1.0.1.jar;C:\Users\tony_\.m2\repository\com\google\guava\listenablefuture\9999.0-empty-to-avoid-conflict-with-guava\listenablefuture-9999.0-empty-to-avoid-conflict-with-guava.jar;C:\Users\tony_\.m2\repository\org\codehaus\plexus\plexus-utils\3.2.1\plexus-utils-3.2.1.jar;C:\Users\tony_\.m2\repository\org\codehaus\plexus\plexus-classworlds\2.6.0\plexus-classworlds-2.6.0.jar;C:\Users\tony_\.m2\repository\commons-cli\commons-cli\1.4\commons-cli-1.4.jar;C:\Users\tony_\.m2\repository\org\apache\commons\commons-lang3\3.12.0\commons-lang3-3.12.0.jar;C:\Users\tony_\.m2\repository\org\eclipse\sisu\org.eclipse.sisu.plexus\0.3.4\org.eclipse.sisu.plexus-0.3.4.jar;C:\Users\tony_\.m2\repository\org\apache\maven\maven-settings-builder\3.6.3\maven-settings-builder-3.6.3.jar;C:\Users\tony_\.m2\repository\org\codehaus\plexus\plexus-interpolation\1.25\plexus-interpolation-1.25.jar;C:\Users\tony_\.m2\repository\org\sonatype\plexus\plexus-sec-dispatcher\1.4\plexus-sec-dispatcher-1.4.jar;C:\Users\tony_\.m2\repository\org\sonatype\plexus\plexus-cipher\1.4\plexus-cipher-1.4.jar;C:\Users\tony_\.m2\repository\org\apache\maven\maven-resolver-provider\3.6.3\maven-resolver-provider-3.6.3.jar;C:\Users\tony_\.m2\repository\org\apache\maven\maven-repository-metadata\3.6.3\maven-repository-metadata-3.6.3.jar;C:\Users\tony_\.m2\repository\org\apache\maven\resolver\maven-resolver-spi\1.4.1\maven-resolver-spi-1.4.1.jar;C:\Users\tony_\.m2\repository\org\apache\maven\resolver\maven-resolver-impl\1.4.1\maven-resolver-impl-1.4.1.jar;C:\Users\tony_\.m2\repository\org\apache\maven\resolver\maven-resolver-connector-basic\1.4.1\maven-resolver-connector-basic-1.4.1.jar;C:\Users\tony_\.m2\repository\org\apache\maven\resolver\maven-resolver-transport-wagon\1.4.1\maven-resolver-transport-wagon-1.4.1.jar;C:\Users\tony_\.m2\repository\org\apache\maven\wagon\wagon-http\3.3.4\wagon-http-3.3.4.jar;C:\Users\tony_\.m2\repository\org\apache\maven\wagon\wagon-http-shared\3.3.4\wagon-http-shared-3.3.4.jar;C:\Users\tony_\.m2\repository\org\jsoup\jsoup\1.12.1\jsoup-1.12.1.jar;C:\Users\tony_\.m2\repository\org\apache\httpcomponents\httpclient\4.5.13\httpclient-4.5.13.jar;C:\Users\tony_\.m2\repository\commons-codec\commons-codec\1.14\commons-codec-1.14.jar;C:\Users\tony_\.m2\repository\org\apache\httpcomponents\httpcore\4.4.14\httpcore-4.4.14.jar;C:\Users\tony_\.m2\repository\org\apache\maven\wagon\wagon-provider-api\3.3.4\wagon-provider-api-3.3.4.jar;C:\Users\tony_\.m2\repository\org\apache\maven\wagon\wagon-file\3.3.4\wagon-file-3.3.4.jar;C:\Users\tony_\.m2\repository\io\quarkus\quarkus-bootstrap-gradle-resolver\1.13.1.Final\quarkus-bootstrap-gradle-resolver-1.13.1.Final.jar;C:\Users\tony_\.m2\repository\io\smallrye\common\smallrye-common-io\1.5.0\smallrye-common-io-1.5.0.jar;C:\Users\tony_\.m2\repository\org\eclipse\sisu\org.eclipse.sisu.inject\0.3.4\org.eclipse.sisu.inject-0.3.4.jar;C:\Users\tony_\.m2\repository\org\junit\jupiter\junit-jupiter\5.7.1\junit-jupiter-5.7.1.jar;C:\Users\tony_\.m2\repository\org\junit\jupiter\junit-jupiter-api\5.7.1\junit-jupiter-api-5.7.1.jar;C:\Users\tony_\.m2\repository\org\apiguardian\apiguardian-api\1.1.0\apiguardian-api-1.1.0.jar;C:\Users\tony_\.m2\repository\org\opentest4j\opentest4j\1.2.0\opentest4j-1.2.0.jar;C:\Users\tony_\.m2\repository\org\junit\platform\junit-platform-commons\1.7.1\junit-platform-commons-1.7.1.jar;C:\Users\tony_\.m2\repository\org\junit\jupiter\junit-jupiter-params\5.7.1\junit-jupiter-params-5.7.1.jar;C:\Users\tony_\.m2\repository\org\junit\jupiter\junit-jupiter-engine\5.7.1\junit-jupiter-engine-5.7.1.jar;C:\Users\tony_\.m2\repository\org\junit\platform\junit-platform-engine\1.7.1\junit-platform-engine-1.7.1.jar;C:\Users\tony_\.m2\repository\io\quarkus\quarkus-datasource-deployment-spi\1.13.1.Final\quarkus-datasource-deployment-spi-1.13.1.Final.jar;C:\Users\tony_\.m2\repository\io\quarkus\quarkus-arc-deployment\1.13.1.Final\quarkus-arc-deployment-1.13.1.Final.jar;C:\Users\tony_\.m2\repository\io\quarkus\quarkus-vertx-http-dev-console-spi\1.13.1.Final\quarkus-vertx-http-dev-console-spi-1.13.1.Final.jar;C:\Users\tony_\.m2\repository\io\quarkus\quarkus-vertx-http-dev-console-runtime-spi\1.13.1.Final\quarkus-vertx-http-dev-console-runtime-spi-1.13.1.Final.jar;C:\Users\tony_\.m2\repository\io\vertx\vertx-web\3.9.6\vertx-web-3.9.6.jar;C:\Users\tony_\.m2\repository\io\vertx\vertx-web-common\3.9.6\vertx-web-common-3.9.6.jar;C:\Users\tony_\.m2\repository\io\vertx\vertx-auth-common\3.9.6\vertx-auth-common-3.9.6.jar;C:\Users\tony_\.m2\repository\io\vertx\vertx-bridge-common\3.9.6\vertx-bridge-common-3.9.6.jar;C:\Users\tony_\.m2\repository\io\quarkus\arc\arc-processor\1.13.1.Final\arc-processor-1.13.1.Final.jar;C:\Users\tony_\.m2\repository\io\quarkus\quarkus-datasource-common\1.13.1.Final\quarkus-datasource-common-1.13.1.Final.jar;C:\Users\tony_\.m2\repository\com\thoughtworks\xstream\xstream\1.4.16\xstream-1.4.16.jar;C:\Users\tony_\.m2\repository\io\github\x-stream\mxparser\1.2.1\mxparser-1.2.1.jar;C:\Users\tony_\.m2\repository\xmlpull\xmlpull\1.1.3.1\xmlpull-1.1.3.1.jar;C:\Users\tony_\.m2\repository\software\amazon\awssdk\url-connection-client\2.16.19\url-connection-client-2.16.19.jar;C:\Users\tony_\.m2\repository\software\amazon\awssdk\utils\2.16.19\utils-2.16.19.jar;C:\Users\tony_\.m2\repository\org\reactivestreams\reactive-streams\1.0.3\reactive-streams-1.0.3.jar;C:\Users\tony_\.m2\repository\software\amazon\awssdk\annotations\2.16.19\annotations-2.16.19.jar;C:\Users\tony_\.m2\repository\software\amazon\awssdk\http-client-spi\2.16.19\http-client-spi-2.16.19.jar;"/>
    <property name="sun.cpu.endian" value="little"/>
    <property name="user.home" value="C:\Users\tony_"/>
    <property name="user.language" value="en"/>
    <property name="java.specification.vendor" value="Oracle Corporation"/>
    <property name="io.netty.allocator.maxOrder" value="1"/>
    <property name="java.home" value="C:\Program Files\Java\jdk1.8.0_261\jre"/>
    <property name="basedir" value="C:\Dish\dishTest"/>
    <property name="file.separator" value="\"/>
    <property name="line.separator" value="&#10;"/>
    <property name="java.vm.specification.vendor" value="Oracle Corporation"/>
    <property name="java.specification.name" value="Java Platform API Specification"/>
    <property name="java.awt.graphicsenv" value="sun.awt.Win32GraphicsEnvironment"/>
    <property name="surefire.real.class.path" value="C:\Users\tony_\AppData\Local\Temp\surefire315946250762014605\surefirebooter8792062646971806754.jar"/>
    <property name="sun.boot.class.path" value="C:\Program Files\Java\jdk1.8.0_261\jre\lib\resources.jar;C:\Program Files\Java\jdk1.8.0_261\jre\lib\rt.jar;C:\Program Files\Java\jdk1.8.0_261\jre\lib\sunrsasign.jar;C:\Program Files\Java\jdk1.8.0_261\jre\lib\jsse.jar;C:\Program Files\Java\jdk1.8.0_261\jre\lib\jce.jar;C:\Program Files\Java\jdk1.8.0_261\jre\lib\charsets.jar;C:\Program Files\Java\jdk1.8.0_261\jre\lib\jfr.jar;C:\Program Files\Java\jdk1.8.0_261\jre\classes"/>
    <property name="user.script" value=""/>
    <property name="sun.management.compiler" value="HotSpot 64-Bit Tiered Compilers"/>
    <property name="java.runtime.version" value="1.8.0_261-b12"/>
    <property name="user.name" value="tony_"/>
    <property name="path.separator" value=";"/>
    <property name="os.version" value="10.0"/>
    <property name="java.endorsed.dirs" value="C:\Program Files\Java\jdk1.8.0_261\jre\lib\endorsed"/>
    <property name="java.runtime.name" value="Java(TM) SE Runtime Environment"/>
    <property name="file.encoding" value="GBK"/>
    <property name="sun.nio.ch.bugLevel" value=""/>
    <property name="java.vm.name" value="Java HotSpot(TM) 64-Bit Server VM"/>
    <property name="io.netty.noJdkZlibDecoder" value="false"/>
    <property name="localRepository" value="C:\Users\tony_\.m2\repository"/>
    <property name="java.vendor.url.bug" value="http://bugreport.sun.com/bugreport/"/>
    <property name="java.io.tmpdir" value="C:\Users\tony_\AppData\Local\Temp\"/>
    <property name="quarkus.log.file.path" value="target\quarkus.log"/>
    <property name="java.version" value="1.8.0_261"/>
    <property name="user.dir" value="C:\Dish\dishTest"/>
    <property name="os.arch" value="amd64"/>
    <property name="java.vm.specification.name" value="Java Virtual Machine Specification"/>
    <property name="java.awt.printerjob" value="sun.awt.windows.WPrinterJob"/>
    <property name="sun.os.patch.level" value=""/>
    <property name="java.util.logging.manager" value="org.jboss.logmanager.LogManager"/>
    <property name="java.library.path" value="C:\Program Files\Java\jdk1.8.0_261\jre\bin;C:\WINDOWS\Sun\Java\bin;C:\WINDOWS\system32;C:\WINDOWS;C:\Program Files (x86)\Common Files\Oracle\Java\javapath;C:\WINDOWS\system32;C:\WINDOWS;C:\WINDOWS\System32\Wbem;C:\WINDOWS\System32\WindowsPowerShell\v1.0\;C:\WINDOWS\System32\OpenSSH\;C:\Program Files\nodejs\;C:\Program Files\Docker\Docker\resources\bin;C:\ProgramData\DockerDesktop\version-bin;C:\Program Files\Amazon\AWSSAMCLI\bin\;C:\Program Files\Git\cmd;C:\Program Files\Amazon\AWSCLIV2\;C:\Users\tony_\AppData\Local\Microsoft\WindowsApps;C:\Users\tony_\AppData\Local\Programs\Microsoft VS Code\bin;C:\Users\tony_\AppData\Local\GitHubDesktop\bin;C:\Users\tony_\AppData\Roaming\npm;C:\Users\tony_\AppData\Local\Android\Sdk;C:\Users\tony_\AppData\Local\Android\Sdk\platform-tools;C:\util\apache-maven-3.8.1\bin;;."/>
    <property name="java.vm.info" value="mixed mode"/>
    <property name="java.vendor" value="Oracle Corporation"/>
    <property name="java.vm.version" value="25.261-b12"/>
    <property name="java.ext.dirs" value="C:\Program Files\Java\jdk1.8.0_261\jre\lib\ext;C:\WINDOWS\Sun\Java\lib\ext"/>
    <property name="sun.io.unicode.encoding" value="UnicodeLittle"/>
    <property name="io.netty.machineId" value="b6:d9:46:71:a9:f0:87:4f"/>
    <property name="java.class.version" value="52.0"/>
  </properties>
  <testcase name="testSimpleLambdaSuccess" classname="org.myDish.LambdaHandlerTest" time="0.329">
    <system-out><![CDATA[2021-04-12 08:20:21,486 WARN  [io.qua.dep.QuarkusAugmentor] (main) Using Java versions older than 11 to build Quarkus applications is deprecated and will be disallowed in a future release!
2021-04-12 08:20:30,938 INFO  [io.quarkus] (main) Quarkus 1.13.1.Final on JVM started in 9.593s. 
2021-04-12 08:20:30,939 INFO  [io.quarkus] (main) Profile test activated. 
2021-04-12 08:20:30,941 INFO  [io.quarkus] (main) Installed features: [amazon-dynamodb, amazon-lambda, cdi]
]]></system-out>
  </testcase>
</testsuite>